c:\users\guofe\documents\github\comp-2501-project\dijkstrademo\dijkstrademo\texturedemo\debug\vc142.pdb
c:\users\guofe\documents\github\comp-2501-project\dijkstrademo\dijkstrademo\texturedemo\debug\vc142.idb
c:\users\guofe\documents\github\comp-2501-project\dijkstrademo\dijkstrademo\texturedemo\debug\window.obj
c:\users\guofe\documents\github\comp-2501-project\dijkstrademo\dijkstrademo\texturedemo\debug\weapon.obj
c:\users\guofe\documents\github\comp-2501-project\dijkstrademo\dijkstrademo\texturedemo\debug\store.obj
c:\users\guofe\documents\github\comp-2501-project\dijkstrademo\dijkstrademo\texturedemo\debug\shader.obj
c:\users\guofe\documents\github\comp-2501-project\dijkstrademo\dijkstrademo\texturedemo\debug\fileutils.obj
c:\users\guofe\documents\github\comp-2501-project\dijkstrademo\dijkstrademo\texturedemo\debug\main.obj
c:\users\guofe\documents\github\comp-2501-project\dijkstrademo\dijkstrademo\texturedemo\debug\gameobject.obj
c:\users\guofe\documents\github\comp-2501-project\dijkstrademo\dijkstrademo\texturedemo\debug\playergameobject.obj
c:\users\guofe\documents\github\comp-2501-project\dijkstrademo\dijkstrademo\texturedemo\debug\node.obj
c:\users\guofe\documents\github\comp-2501-project\dijkstrademo\dijkstrademo\texturedemo\debug\mapblock.obj
c:\users\guofe\documents\github\comp-2501-project\dijkstrademo\dijkstrademo\texturedemo\debug\map.obj
c:\users\guofe\documents\github\comp-2501-project\dijkstrademo\dijkstrademo\texturedemo\debug\graph.obj
c:\users\guofe\documents\github\comp-2501-project\dijkstrademo\dijkstrademo\texturedemo\debug\gameobjecthandler.obj
c:\users\guofe\documents\github\comp-2501-project\dijkstrademo\dijkstrademo\texturedemo\debug\enemy.obj
c:\users\guofe\documents\github\comp-2501-project\dijkstrademo\dijkstrademo\texturedemo\debug\common.obj
c:\users\guofe\documents\github\comp-2501-project\dijkstrademo\dijkstrademo\texturedemo\debug\bullet.obj
c:\users\guofe\documents\github\comp-2501-project\dijkstrademo\dijkstrademo\texturedemo\debug\alivegameobject.obj
c:\users\guofe\documents\github\comp-2501-project\dijkstrademo\dijkstrademo\debug\dijkstrademo.exe
c:\users\guofe\documents\github\comp-2501-project\dijkstrademo\dijkstrademo\debug\dijkstrademo.pdb
c:\users\guofe\documents\github\comp-2501-project\dijkstrademo\dijkstrademo\texturedemo\debug\dijkstrademo.tlog\cl.command.1.tlog
c:\users\guofe\documents\github\comp-2501-project\dijkstrademo\dijkstrademo\texturedemo\debug\dijkstrademo.tlog\cl.read.1.tlog
c:\users\guofe\documents\github\comp-2501-project\dijkstrademo\dijkstrademo\texturedemo\debug\dijkstrademo.tlog\cl.write.1.tlog
c:\users\guofe\documents\github\comp-2501-project\dijkstrademo\dijkstrademo\texturedemo\debug\dijkstrademo.tlog\link.10460.delete.1.tlog
c:\users\guofe\documents\github\comp-2501-project\dijkstrademo\dijkstrademo\texturedemo\debug\dijkstrademo.tlog\link.10824.delete.1.tlog
c:\users\guofe\documents\github\comp-2501-project\dijkstrademo\dijkstrademo\texturedemo\debug\dijkstrademo.tlog\link.11116.delete.1.tlog
c:\users\guofe\documents\github\comp-2501-project\dijkstrademo\dijkstrademo\texturedemo\debug\dijkstrademo.tlog\link.11168.delete.1.tlog
c:\users\guofe\documents\github\comp-2501-project\dijkstrademo\dijkstrademo\texturedemo\debug\dijkstrademo.tlog\link.11580.delete.1.tlog
c:\users\guofe\documents\github\comp-2501-project\dijkstrademo\dijkstrademo\texturedemo\debug\dijkstrademo.tlog\link.12552.delete.1.tlog
c:\users\guofe\documents\github\comp-2501-project\dijkstrademo\dijkstrademo\texturedemo\debug\dijkstrademo.tlog\link.14020.delete.1.tlog
c:\users\guofe\documents\github\comp-2501-project\dijkstrademo\dijkstrademo\texturedemo\debug\dijkstrademo.tlog\link.1408.delete.1.tlog
c:\users\guofe\documents\github\comp-2501-project\dijkstrademo\dijkstrademo\texturedemo\debug\dijkstrademo.tlog\link.14464.delete.1.tlog
c:\users\guofe\documents\github\comp-2501-project\dijkstrademo\dijkstrademo\texturedemo\debug\dijkstrademo.tlog\link.15084.delete.1.tlog
c:\users\guofe\documents\github\comp-2501-project\dijkstrademo\dijkstrademo\texturedemo\debug\dijkstrademo.tlog\link.15404.delete.1.tlog
c:\users\guofe\documents\github\comp-2501-project\dijkstrademo\dijkstrademo\texturedemo\debug\dijkstrademo.tlog\link.16096.delete.1.tlog
c:\users\guofe\documents\github\comp-2501-project\dijkstrademo\dijkstrademo\texturedemo\debug\dijkstrademo.tlog\link.16312.delete.1.tlog
c:\users\guofe\documents\github\comp-2501-project\dijkstrademo\dijkstrademo\texturedemo\debug\dijkstrademo.tlog\link.16720.delete.1.tlog
c:\users\guofe\documents\github\comp-2501-project\dijkstrademo\dijkstrademo\texturedemo\debug\dijkstrademo.tlog\link.16996.delete.1.tlog
c:\users\guofe\documents\github\comp-2501-project\dijkstrademo\dijkstrademo\texturedemo\debug\dijkstrademo.tlog\link.17236.delete.1.tlog
c:\users\guofe\documents\github\comp-2501-project\dijkstrademo\dijkstrademo\texturedemo\debug\dijkstrademo.tlog\link.1756.delete.1.tlog
c:\users\guofe\documents\github\comp-2501-project\dijkstrademo\dijkstrademo\texturedemo\debug\dijkstrademo.tlog\link.17724.delete.1.tlog
c:\users\guofe\documents\github\comp-2501-project\dijkstrademo\dijkstrademo\texturedemo\debug\dijkstrademo.tlog\link.17852.delete.1.tlog
c:\users\guofe\documents\github\comp-2501-project\dijkstrademo\dijkstrademo\texturedemo\debug\dijkstrademo.tlog\link.17868.delete.1.tlog
c:\users\guofe\documents\github\comp-2501-project\dijkstrademo\dijkstrademo\texturedemo\debug\dijkstrademo.tlog\link.17924.delete.1.tlog
c:\users\guofe\documents\github\comp-2501-project\dijkstrademo\dijkstrademo\texturedemo\debug\dijkstrademo.tlog\link.17996.delete.1.tlog
c:\users\guofe\documents\github\comp-2501-project\dijkstrademo\dijkstrademo\texturedemo\debug\dijkstrademo.tlog\link.18248.delete.1.tlog
c:\users\guofe\documents\github\comp-2501-project\dijkstrademo\dijkstrademo\texturedemo\debug\dijkstrademo.tlog\link.18312.delete.1.tlog
c:\users\guofe\documents\github\comp-2501-project\dijkstrademo\dijkstrademo\texturedemo\debug\dijkstrademo.tlog\link.18712.delete.1.tlog
c:\users\guofe\documents\github\comp-2501-project\dijkstrademo\dijkstrademo\texturedemo\debug\dijkstrademo.tlog\link.19244.delete.1.tlog
c:\users\guofe\documents\github\comp-2501-project\dijkstrademo\dijkstrademo\texturedemo\debug\dijkstrademo.tlog\link.19300.delete.1.tlog
c:\users\guofe\documents\github\comp-2501-project\dijkstrademo\dijkstrademo\texturedemo\debug\dijkstrademo.tlog\link.19556.delete.1.tlog
c:\users\guofe\documents\github\comp-2501-project\dijkstrademo\dijkstrademo\texturedemo\debug\dijkstrademo.tlog\link.19588.delete.1.tlog
c:\users\guofe\documents\github\comp-2501-project\dijkstrademo\dijkstrademo\texturedemo\debug\dijkstrademo.tlog\link.19612.delete.1.tlog
c:\users\guofe\documents\github\comp-2501-project\dijkstrademo\dijkstrademo\texturedemo\debug\dijkstrademo.tlog\link.20164.delete.1.tlog
c:\users\guofe\documents\github\comp-2501-project\dijkstrademo\dijkstrademo\texturedemo\debug\dijkstrademo.tlog\link.20228.delete.1.tlog
c:\users\guofe\documents\github\comp-2501-project\dijkstrademo\dijkstrademo\texturedemo\debug\dijkstrademo.tlog\link.20548.delete.1.tlog
c:\users\guofe\documents\github\comp-2501-project\dijkstrademo\dijkstrademo\texturedemo\debug\dijkstrademo.tlog\link.20552.delete.1.tlog
c:\users\guofe\documents\github\comp-2501-project\dijkstrademo\dijkstrademo\texturedemo\debug\dijkstrademo.tlog\link.21000.delete.1.tlog
c:\users\guofe\documents\github\comp-2501-project\dijkstrademo\dijkstrademo\texturedemo\debug\dijkstrademo.tlog\link.21168.delete.1.tlog
c:\users\guofe\documents\github\comp-2501-project\dijkstrademo\dijkstrademo\texturedemo\debug\dijkstrademo.tlog\link.21188.delete.1.tlog
c:\users\guofe\documents\github\comp-2501-project\dijkstrademo\dijkstrademo\texturedemo\debug\dijkstrademo.tlog\link.21260.delete.1.tlog
c:\users\guofe\documents\github\comp-2501-project\dijkstrademo\dijkstrademo\texturedemo\debug\dijkstrademo.tlog\link.21396.delete.1.tlog
c:\users\guofe\documents\github\comp-2501-project\dijkstrademo\dijkstrademo\texturedemo\debug\dijkstrademo.tlog\link.22000.delete.1.tlog
c:\users\guofe\documents\github\comp-2501-project\dijkstrademo\dijkstrademo\texturedemo\debug\dijkstrademo.tlog\link.23768.delete.1.tlog
c:\users\guofe\documents\github\comp-2501-project\dijkstrademo\dijkstrademo\texturedemo\debug\dijkstrademo.tlog\link.24316.delete.1.tlog
c:\users\guofe\documents\github\comp-2501-project\dijkstrademo\dijkstrademo\texturedemo\debug\dijkstrademo.tlog\link.2664.delete.1.tlog
c:\users\guofe\documents\github\comp-2501-project\dijkstrademo\dijkstrademo\texturedemo\debug\dijkstrademo.tlog\link.2988.delete.1.tlog
c:\users\guofe\documents\github\comp-2501-project\dijkstrademo\dijkstrademo\texturedemo\debug\dijkstrademo.tlog\link.4012.delete.1.tlog
c:\users\guofe\documents\github\comp-2501-project\dijkstrademo\dijkstrademo\texturedemo\debug\dijkstrademo.tlog\link.4976.delete.1.tlog
c:\users\guofe\documents\github\comp-2501-project\dijkstrademo\dijkstrademo\texturedemo\debug\dijkstrademo.tlog\link.7376.delete.1.tlog
c:\users\guofe\documents\github\comp-2501-project\dijkstrademo\dijkstrademo\texturedemo\debug\dijkstrademo.tlog\link.8100.delete.1.tlog
c:\users\guofe\documents\github\comp-2501-project\dijkstrademo\dijkstrademo\texturedemo\debug\dijkstrademo.tlog\link.8792.delete.1.tlog
c:\users\guofe\documents\github\comp-2501-project\dijkstrademo\dijkstrademo\texturedemo\debug\dijkstrademo.tlog\link.8916.delete.1.tlog
c:\users\guofe\documents\github\comp-2501-project\dijkstrademo\dijkstrademo\texturedemo\debug\dijkstrademo.tlog\link.9636.delete.1.tlog
c:\users\guofe\documents\github\comp-2501-project\dijkstrademo\dijkstrademo\texturedemo\debug\dijkstrademo.tlog\link.9880.delete.1.tlog
c:\users\guofe\documents\github\comp-2501-project\dijkstrademo\dijkstrademo\texturedemo\debug\dijkstrademo.tlog\link.command.1.tlog
c:\users\guofe\documents\github\comp-2501-project\dijkstrademo\dijkstrademo\texturedemo\debug\dijkstrademo.tlog\link.read.1.tlog
c:\users\guofe\documents\github\comp-2501-project\dijkstrademo\dijkstrademo\texturedemo\debug\dijkstrademo.tlog\link.write.1.tlog
