c:\users\brady\downloads\demo\demo\texturedemo\texturedemo\debug\vc141.pdb
c:\users\brady\downloads\demo\demo\texturedemo\texturedemo\debug\vc141.idb
c:\users\brady\downloads\demo\demo\texturedemo\texturedemo\debug\agent.obj
c:\users\brady\downloads\demo\demo\texturedemo\texturedemo\debug\main.obj
c:\users\brady\downloads\demo\demo\texturedemo\texturedemo\debug\window.obj
c:\users\brady\downloads\demo\demo\texturedemo\texturedemo\debug\shader.obj
c:\users\brady\downloads\demo\demo\texturedemo\texturedemo\debug\resourcemanager.obj
c:\users\brady\downloads\demo\demo\texturedemo\texturedemo\debug\player.obj
c:\users\brady\downloads\demo\demo\texturedemo\texturedemo\debug\gameentity.obj
c:\users\brady\downloads\demo\demo\texturedemo\texturedemo\debug\enemy.obj
c:\users\brady\downloads\demo\demo\texturedemo\texturedemo\debug\bullet.obj
c:\users\brady\downloads\demo\demo\texturedemo\texturedemo\debug\background.obj
c:\users\brady\downloads\demo\demo\texturedemo\debug\texturedemo.exe
c:\users\brady\downloads\demo\demo\texturedemo\debug\texturedemo.pdb
c:\users\brady\downloads\demo\demo\texturedemo\texturedemo\debug\texturedemo.tlog\cl.command.1.tlog
c:\users\brady\downloads\demo\demo\texturedemo\texturedemo\debug\texturedemo.tlog\cl.read.1.tlog
c:\users\brady\downloads\demo\demo\texturedemo\texturedemo\debug\texturedemo.tlog\cl.write.1.tlog
c:\users\brady\downloads\demo\demo\texturedemo\texturedemo\debug\texturedemo.tlog\link.command.1.tlog
c:\users\brady\downloads\demo\demo\texturedemo\texturedemo\debug\texturedemo.tlog\link.read.1.tlog
c:\users\brady\downloads\demo\demo\texturedemo\texturedemo\debug\texturedemo.tlog\link.write.1.tlog
