  GameObject.cpp
  SOIL.lib(SOIL.obj) : MSIL .netmodule or module compiled with /GL found; restarting link with /LTCG; add /LTCG to the link command line to improve linker performance
LINK : warning LNK4075: ignoring '/INCREMENTAL' due to '/LTCG' specification
LINK : warning LNK4098: defaultlib 'LIBCMT' conflicts with use of other libs; use /NODEFAULTLIB:library
LINK : warning LNK4098: defaultlib 'MSVCRT' conflicts with use of other libs; use /NODEFAULTLIB:library
  Generating code
  Finished generating code
Shader.obj : warning LNK4049: locally defined symbol ___glewBindBuffer imported
Shader.obj : warning LNK4049: locally defined symbol ___glewBufferData imported
Shader.obj : warning LNK4049: locally defined symbol ___glewGenBuffers imported
Shader.obj : warning LNK4049: locally defined symbol ___glewAttachShader imported
Shader.obj : warning LNK4049: locally defined symbol ___glewCompileShader imported
Shader.obj : warning LNK4049: locally defined symbol ___glewCreateProgram imported
Shader.obj : warning LNK4049: locally defined symbol ___glewCreateShader imported
Shader.obj : warning LNK4049: locally defined symbol ___glewDeleteProgram imported
Shader.obj : warning LNK4049: locally defined symbol ___glewDeleteShader imported
Shader.obj : warning LNK4049: locally defined symbol ___glewEnableVertexAttribArray imported
Shader.obj : warning LNK4049: locally defined symbol ___glewGetAttribLocation imported
Shader.obj : warning LNK4049: locally defined symbol ___glewGetProgramiv imported
Shader.obj : warning LNK4049: locally defined symbol ___glewGetShaderInfoLog imported
Shader.obj : warning LNK4049: locally defined symbol ___glewGetShaderiv imported
Shader.obj : warning LNK4049: locally defined symbol ___glewGetUniformLocation imported
Shader.obj : warning LNK4049: locally defined symbol ___glewLinkProgram imported
Shader.obj : warning LNK4049: locally defined symbol ___glewShaderSource imported
Shader.obj : warning LNK4049: locally defined symbol ___glewUniform1f imported
Shader.obj : warning LNK4049: locally defined symbol ___glewUniform1i imported
Shader.obj : warning LNK4049: locally defined symbol ___glewUniform2f imported
Shader.obj : warning LNK4049: locally defined symbol ___glewUniform3f imported
Shader.obj : warning LNK4049: locally defined symbol ___glewUniform4f imported
Shader.obj : warning LNK4049: locally defined symbol ___glewUniformMatrix4fv imported
Shader.obj : warning LNK4049: locally defined symbol ___glewUseProgram imported
Shader.obj : warning LNK4049: locally defined symbol ___glewVertexAttribPointer imported
Window.obj : warning LNK4049: locally defined symbol _glewInit@0 imported
Window.obj : warning LNK4049: locally defined symbol _glewGetErrorString@4 imported
Window.obj : warning LNK4049: locally defined symbol _glewExperimental imported
SOIL.lib(SOIL.obj) : warning LNK4099: PDB 'SOIL.pdb' was not found with 'SOIL.lib(SOIL.obj)' or at 'C:\Users\mould\Desktop\2501\A3 Demo\Demo\Demo\TextureDemo\Debug\SOIL.pdb'; linking object as if no debug info
SOIL.lib(image_helper.obj) : warning LNK4099: PDB 'SOIL.pdb' was not found with 'SOIL.lib(image_helper.obj)' or at 'C:\Users\mould\Desktop\2501\A3 Demo\Demo\Demo\TextureDemo\Debug\SOIL.pdb'; linking object as if no debug info
SOIL.lib(stb_image_aug.obj) : warning LNK4099: PDB 'SOIL.pdb' was not found with 'SOIL.lib(stb_image_aug.obj)' or at 'C:\Users\mould\Desktop\2501\A3 Demo\Demo\Demo\TextureDemo\Debug\SOIL.pdb'; linking object as if no debug info
SOIL.lib(image_DXT.obj) : warning LNK4099: PDB 'SOIL.pdb' was not found with 'SOIL.lib(image_DXT.obj)' or at 'C:\Users\mould\Desktop\2501\A3 Demo\Demo\Demo\TextureDemo\Debug\SOIL.pdb'; linking object as if no debug info
glew32s.lib(glew.obj) : warning LNK4099: PDB 'glew_static.pdb' was not found with 'glew32s.lib(glew.obj)' or at 'C:\Users\mould\Desktop\2501\A3 Demo\Demo\Demo\TextureDemo\Debug\glew_static.pdb'; linking object as if no debug info
  TextureDemo.vcxproj -> C:\Users\mould\Desktop\2501\A3 Demo\Demo\Demo\TextureDemo\Debug\TextureDemo.exe
