c:\users\onlylovfox\documents\github\comp-2501-project\project v0.1\dijkstrademo\texturedemo\debug\vc142.pdb
c:\users\onlylovfox\documents\github\comp-2501-project\project v0.1\dijkstrademo\texturedemo\debug\vc142.idb
c:\users\onlylovfox\documents\github\comp-2501-project\project v0.1\dijkstrademo\texturedemo\debug\window.obj
c:\users\onlylovfox\documents\github\comp-2501-project\project v0.1\dijkstrademo\texturedemo\debug\store.obj
c:\users\onlylovfox\documents\github\comp-2501-project\project v0.1\dijkstrademo\texturedemo\debug\shader.obj
c:\users\onlylovfox\documents\github\comp-2501-project\project v0.1\dijkstrademo\texturedemo\debug\fileutils.obj
c:\users\onlylovfox\documents\github\comp-2501-project\project v0.1\dijkstrademo\texturedemo\debug\main.obj
c:\users\onlylovfox\documents\github\comp-2501-project\project v0.1\dijkstrademo\texturedemo\debug\gameobject.obj
c:\users\onlylovfox\documents\github\comp-2501-project\project v0.1\dijkstrademo\texturedemo\debug\node.obj
c:\users\onlylovfox\documents\github\comp-2501-project\project v0.1\dijkstrademo\texturedemo\debug\map.obj
c:\users\onlylovfox\documents\github\comp-2501-project\project v0.1\dijkstrademo\texturedemo\debug\graph.obj
c:\users\onlylovfox\documents\github\comp-2501-project\project v0.1\dijkstrademo\texturedemo\debug\enemy.obj
c:\users\onlylovfox\documents\github\comp-2501-project\project v0.1\dijkstrademo\texturedemo\debug\common.obj
c:\users\onlylovfox\documents\github\comp-2501-project\project v0.1\dijkstrademo\texturedemo\debug\alivegameobject.obj
c:\users\onlylovfox\documents\github\comp-2501-project\project v0.1\dijkstrademo\texturedemo\debug\playergameobject.obj
c:\users\onlylovfox\documents\github\comp-2501-project\project v0.1\dijkstrademo\texturedemo\debug\weapon.obj
c:\users\onlylovfox\documents\github\comp-2501-project\project v0.1\dijkstrademo\debug\dijkstrademo.exe
c:\users\onlylovfox\documents\github\comp-2501-project\project v0.1\dijkstrademo\debug\dijkstrademo.pdb
c:\users\onlylovfox\documents\github\comp-2501-project\project v0.1\dijkstrademo\texturedemo\debug\dijkstrademo.tlog\cl.command.1.tlog
c:\users\onlylovfox\documents\github\comp-2501-project\project v0.1\dijkstrademo\texturedemo\debug\dijkstrademo.tlog\cl.read.1.tlog
c:\users\onlylovfox\documents\github\comp-2501-project\project v0.1\dijkstrademo\texturedemo\debug\dijkstrademo.tlog\cl.write.1.tlog
c:\users\onlylovfox\documents\github\comp-2501-project\project v0.1\dijkstrademo\texturedemo\debug\dijkstrademo.tlog\link.10200.delete.1.tlog
c:\users\onlylovfox\documents\github\comp-2501-project\project v0.1\dijkstrademo\texturedemo\debug\dijkstrademo.tlog\link.12424.delete.1.tlog
c:\users\onlylovfox\documents\github\comp-2501-project\project v0.1\dijkstrademo\texturedemo\debug\dijkstrademo.tlog\link.12596.delete.1.tlog
c:\users\onlylovfox\documents\github\comp-2501-project\project v0.1\dijkstrademo\texturedemo\debug\dijkstrademo.tlog\link.18636.delete.1.tlog
c:\users\onlylovfox\documents\github\comp-2501-project\project v0.1\dijkstrademo\texturedemo\debug\dijkstrademo.tlog\link.19932.delete.1.tlog
c:\users\onlylovfox\documents\github\comp-2501-project\project v0.1\dijkstrademo\texturedemo\debug\dijkstrademo.tlog\link.6688.delete.1.tlog
c:\users\onlylovfox\documents\github\comp-2501-project\project v0.1\dijkstrademo\texturedemo\debug\dijkstrademo.tlog\link.command.1.tlog
c:\users\onlylovfox\documents\github\comp-2501-project\project v0.1\dijkstrademo\texturedemo\debug\dijkstrademo.tlog\link.read.1.tlog
c:\users\onlylovfox\documents\github\comp-2501-project\project v0.1\dijkstrademo\texturedemo\debug\dijkstrademo.tlog\link.write.1.tlog
