C:\Program Files (x86)\Microsoft Visual Studio\2019\Community\MSBuild\Microsoft\VC\v160\Microsoft.CppBuild.targets(459,5): warning MSB8028: The intermediate directory (Debug\) contains files shared from another project (TextureDemo.vcxproj).  This can lead to incorrect clean and rebuild behavior.
  common.cpp
  Graph.cpp
D:\CARLETON\TA\COMP2501A-20W-DavidMould\sanity\DijkstraDemo\DijkstraDemo\TextureDemo\Graph.cpp(42,48): warning C4244: '=': conversion from 'double' to 'float', possible loss of data
D:\CARLETON\TA\COMP2501A-20W-DavidMould\sanity\DijkstraDemo\DijkstraDemo\TextureDemo\Graph.cpp(43,50): warning C4244: '=': conversion from 'double' to 'float', possible loss of data
D:\CARLETON\TA\COMP2501A-20W-DavidMould\sanity\DijkstraDemo\DijkstraDemo\TextureDemo\Graph.cpp(58,20): warning C4018: '<': signed/unsigned mismatch
D:\CARLETON\TA\COMP2501A-20W-DavidMould\sanity\DijkstraDemo\DijkstraDemo\TextureDemo\Graph.cpp(59,21): warning C4018: '<': signed/unsigned mismatch
D:\CARLETON\TA\COMP2501A-20W-DavidMould\sanity\DijkstraDemo\DijkstraDemo\TextureDemo\Graph.cpp(62,14): warning C4018: '<': signed/unsigned mismatch
D:\CARLETON\TA\COMP2501A-20W-DavidMould\sanity\DijkstraDemo\DijkstraDemo\TextureDemo\Graph.cpp(72,14): warning C4018: '<': signed/unsigned mismatch
D:\CARLETON\TA\COMP2501A-20W-DavidMould\sanity\DijkstraDemo\DijkstraDemo\TextureDemo\Graph.cpp(83,20): warning C4018: '<': signed/unsigned mismatch
D:\CARLETON\TA\COMP2501A-20W-DavidMould\sanity\DijkstraDemo\DijkstraDemo\TextureDemo\Graph.cpp(84,21): warning C4018: '<': signed/unsigned mismatch
D:\CARLETON\TA\COMP2501A-20W-DavidMould\sanity\DijkstraDemo\DijkstraDemo\TextureDemo\Graph.cpp(119,20): warning C4018: '<': signed/unsigned mismatch
D:\CARLETON\TA\COMP2501A-20W-DavidMould\sanity\DijkstraDemo\DijkstraDemo\TextureDemo\Graph.cpp(187,18): warning C4018: '>=': signed/unsigned mismatch
D:\CARLETON\TA\COMP2501A-20W-DavidMould\sanity\DijkstraDemo\DijkstraDemo\TextureDemo\Graph.cpp(212,18): warning C4018: '>=': signed/unsigned mismatch
D:\CARLETON\TA\COMP2501A-20W-DavidMould\sanity\DijkstraDemo\DijkstraDemo\TextureDemo\Graph.cpp(238,20): warning C4018: '<': signed/unsigned mismatch
D:\CARLETON\TA\COMP2501A-20W-DavidMould\sanity\DijkstraDemo\DijkstraDemo\TextureDemo\Graph.cpp(239,21): warning C4018: '<': signed/unsigned mismatch
D:\CARLETON\TA\COMP2501A-20W-DavidMould\sanity\DijkstraDemo\DijkstraDemo\TextureDemo\Graph.cpp(285,22): warning C4244: 'initializing': conversion from 'double' to 'float', possible loss of data
D:\CARLETON\TA\COMP2501A-20W-DavidMould\sanity\DijkstraDemo\DijkstraDemo\TextureDemo\Graph.cpp(286,22): warning C4244: 'initializing': conversion from 'double' to 'float', possible loss of data
D:\CARLETON\TA\COMP2501A-20W-DavidMould\sanity\DijkstraDemo\DijkstraDemo\TextureDemo\Graph.cpp(291,9): warning C4244: 'initializing': conversion from 'float' to 'int', possible loss of data
D:\CARLETON\TA\COMP2501A-20W-DavidMould\sanity\DijkstraDemo\DijkstraDemo\TextureDemo\Graph.cpp(292,9): warning C4244: 'initializing': conversion from 'float' to 'int', possible loss of data
D:\CARLETON\TA\COMP2501A-20W-DavidMould\sanity\DijkstraDemo\DijkstraDemo\TextureDemo\Graph.cpp(295,28): warning C4018: '>=': signed/unsigned mismatch
D:\CARLETON\TA\COMP2501A-20W-DavidMould\sanity\DijkstraDemo\DijkstraDemo\TextureDemo\Graph.cpp(312,20): warning C4018: '<': signed/unsigned mismatch
D:\CARLETON\TA\COMP2501A-20W-DavidMould\sanity\DijkstraDemo\DijkstraDemo\TextureDemo\Graph.cpp(321,21): warning C4018: '<': signed/unsigned mismatch
D:\CARLETON\TA\COMP2501A-20W-DavidMould\sanity\DijkstraDemo\DijkstraDemo\TextureDemo\Graph.cpp(364,20): warning C4018: '<': signed/unsigned mismatch
D:\CARLETON\TA\COMP2501A-20W-DavidMould\sanity\DijkstraDemo\DijkstraDemo\TextureDemo\Graph.cpp(365,21): warning C4018: '<': signed/unsigned mismatch
D:\CARLETON\TA\COMP2501A-20W-DavidMould\sanity\DijkstraDemo\DijkstraDemo\TextureDemo\Graph.cpp(391,21): warning C4018: '<': signed/unsigned mismatch
  Node.cpp
  PlayerGameObject.cpp
  GameObject.cpp
  GLM: rotate function taking degrees as a parameter is deprecated. #define GLM_FORCE_RADIANS before including GLM headers to remove this message.
  main.cpp
D:\CARLETON\TA\COMP2501A-20W-DavidMould\sanity\DijkstraDemo\DijkstraDemo\TextureDemo\main.cpp(146,11): warning C4244: 'initializing': conversion from 'float' to 'int', possible loss of data
D:\CARLETON\TA\COMP2501A-20W-DavidMould\sanity\DijkstraDemo\DijkstraDemo\TextureDemo\main.cpp(147,14): warning C4244: 'initializing': conversion from 'float' to 'int', possible loss of data
D:\CARLETON\TA\COMP2501A-20W-DavidMould\sanity\DijkstraDemo\DijkstraDemo\TextureDemo\main.cpp(203,17): warning C4305: '-=': truncation from 'double' to 'float'
D:\CARLETON\TA\COMP2501A-20W-DavidMould\sanity\DijkstraDemo\DijkstraDemo\TextureDemo\main.cpp(206,17): warning C4305: '+=': truncation from 'double' to 'float'
D:\CARLETON\TA\COMP2501A-20W-DavidMould\sanity\DijkstraDemo\DijkstraDemo\TextureDemo\main.cpp(210,18): warning C4244: '=': conversion from 'float' to 'int', possible loss of data
D:\CARLETON\TA\COMP2501A-20W-DavidMould\sanity\DijkstraDemo\DijkstraDemo\TextureDemo\main.cpp(211,21): warning C4244: '=': conversion from 'float' to 'int', possible loss of data
D:\CARLETON\TA\COMP2501A-20W-DavidMould\sanity\DijkstraDemo\DijkstraDemo\TextureDemo\main.cpp(220,22): warning C4018: '<': signed/unsigned mismatch
  FileUtils.cpp
  Shader.cpp
  Window.cpp
  Generating Code...
  SOIL.lib(SOIL.obj) : MSIL .netmodule or module compiled with /GL found; restarting link with /LTCG; add /LTCG to the link command line to improve linker performance
LINK : warning LNK4075: ignoring '/INCREMENTAL' due to '/LTCG' specification
LINK : warning LNK4098: defaultlib 'LIBCMT' conflicts with use of other libs; use /NODEFAULTLIB:library
LINK : warning LNK4098: defaultlib 'MSVCRT' conflicts with use of other libs; use /NODEFAULTLIB:library
  Generating code
  Finished generating code
LINK : warning LNK4286: symbol '___glewGetUniformLocation' defined in 'glew32s.lib(glew.obj)' is imported by 'Graph.obj'
LINK : warning LNK4286: symbol '___glewGetUniformLocation' defined in 'glew32s.lib(glew.obj)' is imported by 'Shader.obj'
LINK : warning LNK4286: symbol '___glewUniform3f' defined in 'glew32s.lib(glew.obj)' is imported by 'Graph.obj'
LINK : warning LNK4286: symbol '___glewUniform3f' defined in 'glew32s.lib(glew.obj)' is imported by 'Shader.obj'
LINK : warning LNK4286: symbol '___glewAttachShader' defined in 'glew32s.lib(glew.obj)' is imported by 'Shader.obj'
LINK : warning LNK4286: symbol '___glewCompileShader' defined in 'glew32s.lib(glew.obj)' is imported by 'Shader.obj'
LINK : warning LNK4286: symbol '___glewCreateProgram' defined in 'glew32s.lib(glew.obj)' is imported by 'Shader.obj'
LINK : warning LNK4286: symbol '___glewCreateShader' defined in 'glew32s.lib(glew.obj)' is imported by 'Shader.obj'
LINK : warning LNK4286: symbol '___glewDeleteProgram' defined in 'glew32s.lib(glew.obj)' is imported by 'Shader.obj'
LINK : warning LNK4286: symbol '___glewDeleteShader' defined in 'glew32s.lib(glew.obj)' is imported by 'Shader.obj'
LINK : warning LNK4286: symbol '___glewEnableVertexAttribArray' defined in 'glew32s.lib(glew.obj)' is imported by 'Shader.obj'
LINK : warning LNK4286: symbol '___glewGetAttribLocation' defined in 'glew32s.lib(glew.obj)' is imported by 'Shader.obj'
LINK : warning LNK4286: symbol '___glewGetProgramiv' defined in 'glew32s.lib(glew.obj)' is imported by 'Shader.obj'
LINK : warning LNK4286: symbol '___glewGetShaderInfoLog' defined in 'glew32s.lib(glew.obj)' is imported by 'Shader.obj'
LINK : warning LNK4286: symbol '___glewGetShaderiv' defined in 'glew32s.lib(glew.obj)' is imported by 'Shader.obj'
LINK : warning LNK4286: symbol '___glewLinkProgram' defined in 'glew32s.lib(glew.obj)' is imported by 'Shader.obj'
LINK : warning LNK4286: symbol '___glewShaderSource' defined in 'glew32s.lib(glew.obj)' is imported by 'Shader.obj'
LINK : warning LNK4286: symbol '___glewUniform1f' defined in 'glew32s.lib(glew.obj)' is imported by 'Shader.obj'
LINK : warning LNK4286: symbol '___glewUniform1i' defined in 'glew32s.lib(glew.obj)' is imported by 'Shader.obj'
LINK : warning LNK4286: symbol '___glewUniform2f' defined in 'glew32s.lib(glew.obj)' is imported by 'Shader.obj'
LINK : warning LNK4286: symbol '___glewUniform4f' defined in 'glew32s.lib(glew.obj)' is imported by 'Shader.obj'
LINK : warning LNK4286: symbol '___glewUniformMatrix4fv' defined in 'glew32s.lib(glew.obj)' is imported by 'Shader.obj'
LINK : warning LNK4286: symbol '___glewUseProgram' defined in 'glew32s.lib(glew.obj)' is imported by 'Shader.obj'
LINK : warning LNK4286: symbol '___glewVertexAttribPointer' defined in 'glew32s.lib(glew.obj)' is imported by 'Shader.obj'
LINK : warning LNK4286: symbol '_glewInit@0' defined in 'glew32s.lib(glew.obj)' is imported by 'Window.obj'
LINK : warning LNK4286: symbol '_glewGetErrorString@4' defined in 'glew32s.lib(glew.obj)' is imported by 'Window.obj'
LINK : warning LNK4286: symbol '_glewExperimental' defined in 'glew32s.lib(glew.obj)' is imported by 'Window.obj'
SOIL.lib(SOIL.obj) : warning LNK4099: PDB 'SOIL.pdb' was not found with 'SOIL.lib(SOIL.obj)' or at 'D:\CARLETON\TA\COMP2501A-20W-DavidMould\sanity\DijkstraDemo\DijkstraDemo\Debug\SOIL.pdb'; linking object as if no debug info
SOIL.lib(image_helper.obj) : warning LNK4099: PDB 'SOIL.pdb' was not found with 'SOIL.lib(image_helper.obj)' or at 'D:\CARLETON\TA\COMP2501A-20W-DavidMould\sanity\DijkstraDemo\DijkstraDemo\Debug\SOIL.pdb'; linking object as if no debug info
SOIL.lib(stb_image_aug.obj) : warning LNK4099: PDB 'SOIL.pdb' was not found with 'SOIL.lib(stb_image_aug.obj)' or at 'D:\CARLETON\TA\COMP2501A-20W-DavidMould\sanity\DijkstraDemo\DijkstraDemo\Debug\SOIL.pdb'; linking object as if no debug info
SOIL.lib(image_DXT.obj) : warning LNK4099: PDB 'SOIL.pdb' was not found with 'SOIL.lib(image_DXT.obj)' or at 'D:\CARLETON\TA\COMP2501A-20W-DavidMould\sanity\DijkstraDemo\DijkstraDemo\Debug\SOIL.pdb'; linking object as if no debug info
glew32s.lib(glew.obj) : warning LNK4099: PDB 'glew_static.pdb' was not found with 'glew32s.lib(glew.obj)' or at 'D:\CARLETON\TA\COMP2501A-20W-DavidMould\sanity\DijkstraDemo\DijkstraDemo\Debug\glew_static.pdb'; linking object as if no debug info
  TextureDemo.vcxproj -> D:\CARLETON\TA\COMP2501A-20W-DavidMould\sanity\DijkstraDemo\DijkstraDemo\Debug\DijkstraDemo.exe
